{"C:\\Users\\Windows 11\\Documents\\GitHub\\Frontend-unit-testing01\\react-test-app\\src\\components\\Counter\\Counter.jsx": {"path":"C:\\Users\\Windows 11\\Documents\\GitHub\\Frontend-unit-testing01\\react-test-app\\src\\components\\Counter\\Counter.jsx","statementMap":{"0":{"start":{"line":4,"column":16},"end":{"line":4,"column":39}},"1":{"start":{"line":6,"column":2},"end":{"line":11,"column":null}},"2":{"start":{"line":9,"column":29},"end":{"line":9,"column":48}},"3":{"start":{"line":10,"column":29},"end":{"line":10,"column":48}}},"fnMap":{"0":{"name":"Counter","decl":{"start":{"line":3,"column":9},"end":{"line":3,"column":19}},"loc":{"start":{"line":3,"column":19},"end":{"line":11,"column":null}},"line":3},"1":{"name":"(anonymous_1)","decl":{"start":{"line":9,"column":14},"end":{"line":9,"column":29}},"loc":{"start":{"line":9,"column":29},"end":{"line":9,"column":48}},"line":9},"2":{"name":"(anonymous_2)","decl":{"start":{"line":10,"column":14},"end":{"line":10,"column":29}},"loc":{"start":{"line":10,"column":29},"end":{"line":10,"column":48}},"line":10}},"branchMap":{},"s":{"0":5,"1":5,"2":1,"3":1},"f":{"0":5,"1":1,"2":1},"b":{},"meta":{"lastBranch":0,"lastFunction":3,"lastStatement":4,"seen":{"f:3:9:3:19":0,"s:4:16:4:39":0,"s:6:2:11:Infinity":1,"f:9:14:9:29":1,"s:9:29:9:48":2,"f:10:14:10:29":2,"s:10:29:10:48":3}}}
,"C:\\Users\\Windows 11\\Documents\\GitHub\\Frontend-unit-testing01\\react-test-app\\src\\components\\RegisterForm\\RegisterForm.jsx": {"path":"C:\\Users\\Windows 11\\Documents\\GitHub\\Frontend-unit-testing01\\react-test-app\\src\\components\\RegisterForm\\RegisterForm.jsx","statementMap":{"0":{"start":{"line":5,"column":19},"end":{"line":9,"column":4}},"1":{"start":{"line":10,"column":17},"end":{"line":10,"column":42}},"2":{"start":{"line":12,"column":8},"end":{"line":27,"column":null}},"3":{"start":{"line":13,"column":17},"end":{"line":13,"column":19}},"4":{"start":{"line":14,"column":4},"end":{"line":15,"column":null}},"5":{"start":{"line":15,"column":6},"end":{"line":15,"column":null}},"6":{"start":{"line":17,"column":4},"end":{"line":20,"column":null}},"7":{"start":{"line":18,"column":6},"end":{"line":18,"column":null}},"8":{"start":{"line":19,"column":15},"end":{"line":20,"column":null}},"9":{"start":{"line":20,"column":6},"end":{"line":20,"column":null}},"10":{"start":{"line":22,"column":4},"end":{"line":25,"column":null}},"11":{"start":{"line":23,"column":6},"end":{"line":23,"column":null}},"12":{"start":{"line":24,"column":15},"end":{"line":25,"column":null}},"13":{"start":{"line":25,"column":6},"end":{"line":25,"column":null}},"14":{"start":{"line":27,"column":4},"end":{"line":27,"column":null}},"15":{"start":{"line":30,"column":8},"end":{"line":35,"column":null}},"16":{"start":{"line":31,"column":28},"end":{"line":31,"column":null}},"17":{"start":{"line":32,"column":4},"end":{"line":35,"column":null}},"18":{"start":{"line":38,"column":23},"end":{"line":56,"column":null}},"19":{"start":{"line":39,"column":4},"end":{"line":39,"column":null}},"20":{"start":{"line":40,"column":22},"end":{"line":40,"column":40}},"21":{"start":{"line":41,"column":4},"end":{"line":56,"column":null}},"22":{"start":{"line":42,"column":6},"end":{"line":53,"column":null}},"23":{"start":{"line":43,"column":25},"end":{"line":45,"column":null}},"24":{"start":{"line":47,"column":8},"end":{"line":47,"column":null}},"25":{"start":{"line":47,"column":28},"end":{"line":47,"column":null}},"26":{"start":{"line":49,"column":8},"end":{"line":49,"column":null}},"27":{"start":{"line":52,"column":8},"end":{"line":52,"column":null}},"28":{"start":{"line":53,"column":8},"end":{"line":53,"column":null}},"29":{"start":{"line":56,"column":6},"end":{"line":56,"column":null}},"30":{"start":{"line":60,"column":2},"end":{"line":131,"column":null}}},"fnMap":{"0":{"name":"RegisterForm","decl":{"start":{"line":4,"column":24},"end":{"line":4,"column":39}},"loc":{"start":{"line":4,"column":39},"end":{"line":131,"column":null}},"line":4},"1":{"name":"(anonymous_1)","decl":{"start":{"line":12,"column":8},"end":{"line":12,"column":20}},"loc":{"start":{"line":12,"column":31},"end":{"line":27,"column":null}},"line":12},"2":{"name":"(anonymous_2)","decl":{"start":{"line":30,"column":8},"end":{"line":30,"column":24}},"loc":{"start":{"line":30,"column":34},"end":{"line":35,"column":null}},"line":30},"3":{"name":"(anonymous_3)","decl":{"start":{"line":38,"column":23},"end":{"line":38,"column":30}},"loc":{"start":{"line":38,"column":40},"end":{"line":56,"column":null}},"line":38}},"branchMap":{"0":{"loc":{"start":{"line":14,"column":4},"end":{"line":15,"column":null}},"type":"if","locations":[{"start":{"line":14,"column":4},"end":{"line":15,"column":null}},{"start":{},"end":{}}],"line":14},"1":{"loc":{"start":{"line":17,"column":4},"end":{"line":20,"column":null}},"type":"if","locations":[{"start":{"line":17,"column":4},"end":{"line":20,"column":null}},{"start":{"line":19,"column":15},"end":{"line":20,"column":null}}],"line":17},"2":{"loc":{"start":{"line":19,"column":15},"end":{"line":20,"column":null}},"type":"if","locations":[{"start":{"line":19,"column":15},"end":{"line":20,"column":null}},{"start":{},"end":{}}],"line":19},"3":{"loc":{"start":{"line":22,"column":4},"end":{"line":25,"column":null}},"type":"if","locations":[{"start":{"line":22,"column":4},"end":{"line":25,"column":null}},{"start":{"line":24,"column":15},"end":{"line":25,"column":null}}],"line":22},"4":{"loc":{"start":{"line":24,"column":15},"end":{"line":25,"column":null}},"type":"if","locations":[{"start":{"line":24,"column":15},"end":{"line":25,"column":null}},{"start":{},"end":{}}],"line":24},"5":{"loc":{"start":{"line":41,"column":4},"end":{"line":56,"column":null}},"type":"if","locations":[{"start":{"line":41,"column":4},"end":{"line":56,"column":null}},{"start":{"line":55,"column":11},"end":{"line":56,"column":null}}],"line":41},"6":{"loc":{"start":{"line":47,"column":8},"end":{"line":47,"column":null}},"type":"if","locations":[{"start":{"line":47,"column":8},"end":{"line":47,"column":null}},{"start":{},"end":{}}],"line":47},"7":{"loc":{"start":{"line":80,"column":11},"end":{"line":80,"column":null}},"type":"binary-expr","locations":[{"start":{"line":80,"column":11},"end":{"line":80,"column":26}},{"start":{"line":80,"column":26},"end":{"line":80,"column":null}}],"line":80},"8":{"loc":{"start":{"line":98,"column":11},"end":{"line":99,"column":null}},"type":"binary-expr","locations":[{"start":{"line":98,"column":11},"end":{"line":98,"column":null}},{"start":{"line":99,"column":12},"end":{"line":99,"column":null}}],"line":98},"9":{"loc":{"start":{"line":118,"column":11},"end":{"line":119,"column":null}},"type":"binary-expr","locations":[{"start":{"line":118,"column":11},"end":{"line":118,"column":null}},{"start":{"line":119,"column":12},"end":{"line":119,"column":null}}],"line":118}},"s":{"0":12,"1":12,"2":12,"3":3,"4":3,"5":1,"6":3,"7":1,"8":2,"9":1,"10":3,"11":1,"12":2,"13":0,"14":3,"15":12,"16":6,"17":6,"18":12,"19":3,"20":3,"21":3,"22":1,"23":1,"24":1,"25":0,"26":1,"27":0,"28":0,"29":2,"30":12},"f":{"0":12,"1":3,"2":6,"3":3},"b":{"0":[1,2],"1":[1,2],"2":[1,1],"3":[1,2],"4":[0,2],"5":[1,2],"6":[0,1],"7":[12,1],"8":[12,2],"9":[12,1]},"meta":{"lastBranch":10,"lastFunction":4,"lastStatement":31,"seen":{"f:4:24:4:39":0,"s:5:19:9:4":0,"s:10:17:10:42":1,"s:12:8:27:Infinity":2,"f:12:8:12:20":1,"s:13:17:13:19":3,"b:14:4:15:Infinity:undefined:undefined:undefined:undefined":0,"s:14:4:15:Infinity":4,"s:15:6:15:Infinity":5,"b:17:4:20:Infinity:19:15:20:Infinity":1,"s:17:4:20:Infinity":6,"s:18:6:18:Infinity":7,"b:19:15:20:Infinity:undefined:undefined:undefined:undefined":2,"s:19:15:20:Infinity":8,"s:20:6:20:Infinity":9,"b:22:4:25:Infinity:24:15:25:Infinity":3,"s:22:4:25:Infinity":10,"s:23:6:23:Infinity":11,"b:24:15:25:Infinity:undefined:undefined:undefined:undefined":4,"s:24:15:25:Infinity":12,"s:25:6:25:Infinity":13,"s:27:4:27:Infinity":14,"s:30:8:35:Infinity":15,"f:30:8:30:24":2,"s:31:28:31:Infinity":16,"s:32:4:35:Infinity":17,"s:38:23:56:Infinity":18,"f:38:23:38:30":3,"s:39:4:39:Infinity":19,"s:40:22:40:40":20,"b:41:4:56:Infinity:55:11:56:Infinity":5,"s:41:4:56:Infinity":21,"s:42:6:53:Infinity":22,"s:43:25:45:Infinity":23,"b:47:8:47:Infinity:undefined:undefined:undefined:undefined":6,"s:47:8:47:Infinity":24,"s:47:28:47:Infinity":25,"s:49:8:49:Infinity":26,"s:52:8:52:Infinity":27,"s:53:8:53:Infinity":28,"s:56:6:56:Infinity":29,"s:60:2:131:Infinity":30,"b:80:11:80:26:80:26:80:Infinity":7,"b:98:11:98:Infinity:99:12:99:Infinity":8,"b:118:11:118:Infinity:119:12:119:Infinity":9}}}
,"C:\\Users\\Windows 11\\Documents\\GitHub\\Frontend-unit-testing01\\react-test-app\\src\\components\\UserList\\UserList.jsx": {"path":"C:\\Users\\Windows 11\\Documents\\GitHub\\Frontend-unit-testing01\\react-test-app\\src\\components\\UserList\\UserList.jsx","statementMap":{"0":{"start":{"line":5,"column":16},"end":{"line":5,"column":40}},"1":{"start":{"line":6,"column":21},"end":{"line":6,"column":50}},"2":{"start":{"line":8,"column":2},"end":{"line":21,"column":null}},"3":{"start":{"line":9,"column":23},"end":{"line":16,"column":null}},"4":{"start":{"line":10,"column":6},"end":{"line":16,"column":null}},"5":{"start":{"line":11,"column":25},"end":{"line":12,"column":null}},"6":{"start":{"line":14,"column":8},"end":{"line":14,"column":null}},"7":{"start":{"line":16,"column":8},"end":{"line":16,"column":null}},"8":{"start":{"line":20,"column":4},"end":{"line":20,"column":null}},"9":{"start":{"line":23,"column":24},"end":{"line":26,"column":null}},"10":{"start":{"line":25,"column":6},"end":{"line":26,"column":65}},"11":{"start":{"line":29,"column":2},"end":{"line":55,"column":null}},"12":{"start":{"line":36,"column":25},"end":{"line":36,"column":null}},"13":{"start":{"line":49,"column":12},"end":{"line":53,"column":null}}},"fnMap":{"0":{"name":"UserList","decl":{"start":{"line":4,"column":24},"end":{"line":4,"column":35}},"loc":{"start":{"line":4,"column":35},"end":{"line":55,"column":null}},"line":4},"1":{"name":"(anonymous_1)","decl":{"start":{"line":8,"column":2},"end":{"line":8,"column":18}},"loc":{"start":{"line":8,"column":18},"end":{"line":21,"column":7}},"line":8},"2":{"name":"(anonymous_2)","decl":{"start":{"line":9,"column":23},"end":{"line":9,"column":35}},"loc":{"start":{"line":9,"column":35},"end":{"line":16,"column":null}},"line":9},"3":{"name":"(anonymous_3)","decl":{"start":{"line":23,"column":30},"end":{"line":23,"column":null}},"loc":{"start":{"line":25,"column":6},"end":{"line":26,"column":65}},"line":25},"4":{"name":"(anonymous_4)","decl":{"start":{"line":36,"column":8},"end":{"line":36,"column":19}},"loc":{"start":{"line":36,"column":25},"end":{"line":36,"column":null}},"line":36},"5":{"name":"(anonymous_5)","decl":{"start":{"line":48,"column":25},"end":{"line":48,"column":30}},"loc":{"start":{"line":49,"column":12},"end":{"line":53,"column":null}},"line":49}},"branchMap":{"0":{"loc":{"start":{"line":25,"column":6},"end":{"line":26,"column":65}},"type":"binary-expr","locations":[{"start":{"line":25,"column":6},"end":{"line":25,"column":64}},{"start":{"line":26,"column":6},"end":{"line":26,"column":65}}],"line":25}},"s":{"0":6,"1":6,"2":6,"3":3,"4":3,"5":3,"6":2,"7":1,"8":3,"9":6,"10":4,"11":6,"12":1,"13":3},"f":{"0":6,"1":3,"2":3,"3":4,"4":1,"5":3},"b":{"0":[4,1]},"meta":{"lastBranch":1,"lastFunction":6,"lastStatement":14,"seen":{"f:4:24:4:35":0,"s:5:16:5:40":0,"s:6:21:6:50":1,"s:8:2:21:Infinity":2,"f:8:2:8:18":1,"s:9:23:16:Infinity":3,"f:9:23:9:35":2,"s:10:6:16:Infinity":4,"s:11:25:12:Infinity":5,"s:14:8:14:Infinity":6,"s:16:8:16:Infinity":7,"s:20:4:20:Infinity":8,"s:23:24:26:Infinity":9,"f:23:30:23:Infinity":3,"s:25:6:26:65":10,"b:25:6:25:64:26:6:26:65":0,"s:29:2:55:Infinity":11,"f:36:8:36:19":4,"s:36:25:36:Infinity":12,"f:48:25:48:30":5,"s:49:12:53:Infinity":13}}}
}
